#
# There is insufficient memory for the Java Runtime Environment to continue.
# Native memory allocation (malloc) failed to allocate 1048576 bytes for AllocateHeap
# Possible reasons:
#   The system is out of physical RAM or swap space
#   The process is running with CompressedOops enabled, and the Java Heap may be blocking the growth of the native heap
# Possible solutions:
#   Reduce memory load on the system
#   Increase physical memory or swap space
#   Check if swap backing store is full
#   Decrease Java heap size (-Xmx/-Xms)
#   Decrease number of Java threads
#   Decrease Java thread stack sizes (-Xss)
#   Set larger code cache with -XX:ReservedCodeCacheSize=
#   JVM is running with Zero Based Compressed Oops mode in which the Java heap is
#     placed in the first 32GB address space. The Java Heap base address is the
#     maximum limit for the native heap growth. Please use -XX:HeapBaseMinAddress
#     to set the Java Heap base and to place the Java Heap above 32GB virtual address.
# This output file may be truncated or incomplete.
#
#  Out of Memory Error (memory/allocation.inline.hpp:61), pid=48936, tid=0x000000000000ee68
#
# JRE version:  (8.0_422-b05) (build )
# Java VM: OpenJDK 64-Bit Server VM (25.422-b05 mixed mode windows-amd64 compressed oops)
# Failed to write core dump. Minidumps are not enabled by default on client versions of Windows
#

---------------  T H R E A D  ---------------

Current thread (0x000002266d0f0000):  JavaThread "Unknown thread" [_thread_in_vm, id=61032, stack(0x0000006e6cd00000,0x0000006e6ce00000)]

Stack: [0x0000006e6cd00000,0x0000006e6ce00000]
[error occurred during error reporting (printing stack bounds), id 0xc0000005]

Native frames: (J=compiled Java code, j=interpreted, Vv=VM code, C=native code)


---------------  P R O C E S S  ---------------

Java Threads: ( => current thread )

Other Threads:

=>0x000002266d0f0000 (exited) JavaThread "Unknown thread" [_thread_in_vm, id=61032, stack(0x0000006e6cd00000,0x0000006e6ce00000)]

VM state:not at safepoint (normal execution)

VM Mutex/Monitor currently owned by a thread: None

heap address: 0x00000006e2200000, size: 3550 MB, Compressed Oops mode: Zero based, Oop shift amount: 3
Narrow klass base: 0x0000000000000000, Narrow klass shift: 3
Compressed class space size: 1073741824 Address: 0x00000007c0000000

Heap:
 PSYoungGen      total 66560K, used 1146K [0x0000000776100000, 0x000000077ab00000, 0x00000007c0000000)
  eden space 57344K, 2% used [0x0000000776100000,0x000000077621eb90,0x0000000779900000)
  from space 9216K, 0% used [0x000000077a200000,0x000000077a200000,0x000000077ab00000)
  to   space 9216K, 0% used [0x0000000779900000,0x0000000779900000,0x000000077a200000)
 ParOldGen       total 151552K, used 0K [0x00000006e2200000, 0x00000006eb600000, 0x0000000776100000)
  object space 151552K, 0% used [0x00000006e2200000,0x00000006e2200000,0x00000006eb600000)
 Metaspace       used 779K, capacity 4480K, committed 4480K, reserved 1056768K
  class space    used 76K, capacity 384K, committed 384K, reserved 1048576K

Card table byte_map: [0x000002267e080000,0x000002267e770000] byte_map_base: 0x000002267a96f000

Marking Bits: (ParMarkBitMap*) 0x0000000064b638d0
 Begin Bits: [0x0000022600000000, 0x0000022603778000)
 End Bits:   [0x0000022603778000, 0x0000022606ef0000)

Polling page: 0x000002266d3f0000

CodeCache: size=245760Kb used=327Kb max_used=327Kb free=245432Kb
 bounds [0x000002266ecc0000, 0x000002266ef30000, 0x000002267dcc0000]
 total_blobs=56 nmethods=0 adapters=38
 compilation: enabled

Compilation events (0 events):
No events

GC Heap History (0 events):
No events

Deoptimization events (0 events):
No events

Classes redefined (0 events):
No events

Internal exceptions (0 events):
No events

Events (10 events):
Event: 0.018 loading class java/lang/Short
Event: 0.018 loading class java/lang/Short done
Event: 0.018 loading class java/lang/Integer
Event: 0.018 loading class java/lang/Integer done
Event: 0.018 loading class java/lang/Long
Event: 0.018 loading class java/lang/Long done
Event: 0.019 loading class java/lang/NullPointerException
Event: 0.019 loading class java/lang/NullPointerException done
Event: 0.019 loading class java/lang/ArithmeticException
Event: 0.019 loading class java/lang/ArithmeticException done


Dynamic libraries:
0x00007ff7b9140000 - 0x00007ff7b9186000 	C:\Users\chenlin\.jdks\corretto-1.8.0_422\bin\java.exe
0x00007ffe38ca0000 - 0x00007ffe38ea9000 	C:\Windows\SYSTEM32\ntdll.dll
0x00007ffe38310000 - 0x00007ffe383cd000 	C:\Windows\System32\KERNEL32.DLL
0x00007ffe36430000 - 0x00007ffe367b4000 	C:\Windows\System32\KERNELBASE.dll
0x00007ffe38900000 - 0x00007ffe389ae000 	C:\Windows\System32\ADVAPI32.dll
0x00007ffe38a30000 - 0x00007ffe38ad3000 	C:\Windows\System32\msvcrt.dll
0x00007ffe38710000 - 0x00007ffe387ae000 	C:\Windows\System32\sechost.dll
0x00007ffe385e0000 - 0x00007ffe38701000 	C:\Windows\System32\RPCRT4.dll
0x00007ffe383d0000 - 0x00007ffe3857d000 	C:\Windows\System32\USER32.dll
0x00007ffe36130000 - 0x00007ffe36156000 	C:\Windows\System32\win32u.dll
0x00007ffe36af0000 - 0x00007ffe36b1a000 	C:\Windows\System32\GDI32.dll
0x00007ffe367c0000 - 0x00007ffe368de000 	C:\Windows\System32\gdi32full.dll
0x00007ffe36a50000 - 0x00007ffe36aed000 	C:\Windows\System32\msvcp_win.dll
0x00007ffe36160000 - 0x00007ffe36271000 	C:\Windows\System32\ucrtbase.dll
0x00007ffe1ba00000 - 0x00007ffe1bca5000 	C:\Windows\WinSxS\amd64_microsoft.windows.common-controls_6595b64144ccf1df_6.0.22000.120_none_9d947278b86cc467\COMCTL32.dll
0x00007ffe379b0000 - 0x00007ffe379e1000 	C:\Windows\System32\IMM32.DLL
0x00007ffe27d50000 - 0x00007ffe27d65000 	C:\Users\chenlin\.jdks\corretto-1.8.0_422\jre\bin\vcruntime140.dll
0x00007ffe16d40000 - 0x00007ffe16ddb000 	C:\Users\chenlin\.jdks\corretto-1.8.0_422\jre\bin\msvcp140.dll
0x0000000064380000 - 0x0000000064bdc000 	C:\Users\chenlin\.jdks\corretto-1.8.0_422\jre\bin\server\jvm.dll
0x00007ffe37400000 - 0x00007ffe37408000 	C:\Windows\System32\PSAPI.DLL
0x00007ffe33bb0000 - 0x00007ffe33be3000 	C:\Windows\SYSTEM32\WINMM.dll
0x00007ffe32700000 - 0x00007ffe32709000 	C:\Windows\SYSTEM32\WSOCK32.dll
0x00007ffe2e0f0000 - 0x00007ffe2e0fa000 	C:\Windows\SYSTEM32\VERSION.dll
0x00007ffe37940000 - 0x00007ffe379af000 	C:\Windows\System32\WS2_32.dll
0x00007ffe35170000 - 0x00007ffe35188000 	C:\Windows\SYSTEM32\kernel.appcore.dll
0x00007ffe31e10000 - 0x00007ffe31e20000 	C:\Users\chenlin\.jdks\corretto-1.8.0_422\jre\bin\verify.dll
0x00007ffe27920000 - 0x00007ffe2794b000 	C:\Users\chenlin\.jdks\corretto-1.8.0_422\jre\bin\java.dll
0x00007ffe2f240000 - 0x00007ffe2f272000 	C:\Users\chenlin\.jdks\corretto-1.8.0_422\jre\bin\instrument.dll
0x00007ffe27d20000 - 0x00007ffe27d38000 	C:\Users\chenlin\.jdks\corretto-1.8.0_422\jre\bin\zip.dll

VM Arguments:
jvm_args: -javaagent:D:\chenlin\Documents\IntelliJ IDEA 2022.3.3\lib\idea_rt.jar=63749:D:\chenlin\Documents\IntelliJ IDEA 2022.3.3\bin -Dfile.encoding=UTF-8 
java_command: org.example.test.EmployeeTest
java_class_path (initial): C:\Users\chenlin\.jdks\corretto-1.8.0_422\jre\lib\charsets.jar;C:\Users\chenlin\.jdks\corretto-1.8.0_422\jre\lib\ext\access-bridge-64.jar;C:\Users\chenlin\.jdks\corretto-1.8.0_422\jre\lib\ext\cldrdata.jar;C:\Users\chenlin\.jdks\corretto-1.8.0_422\jre\lib\ext\dnsns.jar;C:\Users\chenlin\.jdks\corretto-1.8.0_422\jre\lib\ext\jaccess.jar;C:\Users\chenlin\.jdks\corretto-1.8.0_422\jre\lib\ext\jfxrt.jar;C:\Users\chenlin\.jdks\corretto-1.8.0_422\jre\lib\ext\localedata.jar;C:\Users\chenlin\.jdks\corretto-1.8.0_422\jre\lib\ext\nashorn.jar;C:\Users\chenlin\.jdks\corretto-1.8.0_422\jre\lib\ext\sunec.jar;C:\Users\chenlin\.jdks\corretto-1.8.0_422\jre\lib\ext\sunjce_provider.jar;C:\Users\chenlin\.jdks\corretto-1.8.0_422\jre\lib\ext\sunmscapi.jar;C:\Users\chenlin\.jdks\corretto-1.8.0_422\jre\lib\ext\sunpkcs11.jar;C:\Users\chenlin\.jdks\corretto-1.8.0_422\jre\lib\ext\zipfs.jar;C:\Users\chenlin\.jdks\corretto-1.8.0_422\jre\lib\jce.jar;C:\Users\chenlin\.jdks\corretto-1.8.0_422\jre\lib\jfr.jar;C:\Users\chenlin\.jdks\corretto-1.8.0_422\jre\lib\jfxswt.jar;C:\Users\chenlin\.jdks\corretto-1.8.0_422\jre\lib\jsse.jar;C:\Users\chenlin\.jdks\corretto-1.8.0_422\jre\lib\management-agent.jar;C:\Users\chenlin\.jdks\corretto-1.8.0_422\jre\lib\resources.jar;C:\Users\chenlin\.jdks\corretto-1.8.0_422\jre\lib\rt.jar;D:\chenlin\IDEA\mybatis_demo1\target\test-classes;D:\chenlin\IDEA\mybatis_demo1\target\classes;C:\Users\chenlin\.m2\repository\org\mybatis\mybatis\3.5.2\mybatis-3.5.2.jar;C:\Users\chenlin\.m2\repository\com\mysql\mysql-connector-j\8.0.33\mysql-connector-j-8.0.33.jar;C:\Users\chenlin\.m2\repository\com\google\protobuf\protobuf-java\3.21.9\protobuf-java-3.21.9.jar;C:\Users\chenlin\.m2\repository\junit\junit\4.13.1\junit-4.13.1.jar;C:\Users\chenlin\.m2\repository\org\hamcrest\hamcrest-core\1.3\hamcrest-core-1.3.jar;D:\chenlin\Documents\IntelliJ IDEA 2022.3.3\lib\idea_rt.jar
Launcher Type: SUN_STANDARD

Environment Variables:
JAVA_HOME=D:\Intellij IDEA 2022\jdk-18.0.2.1_doc-all
CLASSPATH=.;D:\Intellij IDEA 2022\jdk-18.0.2.1_doc-all\lib\dt.jar;D:\Intellij IDEA 2022\jdk-18.0.2.1_doc-all\lib\tools.jar
PATH=C:\Program Files (x86)\Common Files\Oracle\Java\java8path;C:\Program Files (x86)\Common Files\Oracle\Java\javapath;C:\Program Files (x86)\Common Files\Oracle\Java\java8path_target_168354921\npm;D:\Node.js\;C:\Windows\system32;D:\chenlin\MySQL\mysql-9.0.1-winx64\bin;D:\Intellij IDEA 2022\jdk-18.0.2.1_doc-all\bin;D:\chenlin\apache-maven-3.9.9-bin\apache-maven-3.9.9\bin;C:\Users\chenlin\AppData\Local\Programs\Python\Python311\Scripts\;C:\Users\chenlin\AppData\Local\Programs\Python\Python311\;C:\Users\chenlin\AppData\Local\Microsoft\WindowsApps;;C:\Program Files\JetBrains\PyCharm 2023.2.1\bin;;C:\Program Files\Azure Data Studio\bin;C:\Users\chenlin\Documents\Microsoft VS Code\bin;D:\chenlin\Documents\Python\PyCharm Community Edition 2023.3.5\bin;;C:\Users\chenlin\AppData\Roaming\npm
USERNAME=chenlin
OS=Windows_NT
PROCESSOR_IDENTIFIER=AMD64 Family 23 Model 104 Stepping 1, AuthenticAMD



---------------  S Y S T E M  ---------------

OS: Windows 11 , 64 bit Build 22000 (10.0.22000.2538)

CPU:total 16 (initial active 16) (16 cores per cpu, 1 threads per core) family 23 model 104 stepping 1, cmov, cx8, fxsr, mmx, sse, sse2, sse3, ssse3, sse4.1, sse4.2, popcnt, avx, avx2, aes, clmul, mmxext, 3dnowpref, lzcnt, sse4a, tsc, tscinvbit, tscinv, bmi1

Memory: 4k page, physical 14538488k(2951868k free), swap 40753012k(5180k free)

vm_info: OpenJDK 64-Bit Server VM (25.422-b05) for windows-amd64 JRE (1.8.0_422-b05), built on Jul 11 2024 17:20:01 by "Administrator" with MS VC++ 15.9 (VS2017)

time: Sat Oct  5 21:02:27 2024
timezone: AMD64 Family 23 Model 104 Stepping 1, AuthenticAMD
elapsed time: 0.026041 seconds (0d 0h 0m 0s)

