#
# There is insufficient memory for the Java Runtime Environment to continue.
# Native memory allocation (mmap) failed to map 134217728 bytes for G1 virtual space
# Possible reasons:
#   The system is out of physical RAM or swap space
#   The process is running with CompressedOops enabled, and the Java Heap may be blocking the growth of the native heap
# Possible solutions:
#   Reduce memory load on the system
#   Increase physical memory or swap space
#   Check if swap backing store is full
#   Decrease Java heap size (-Xmx/-Xms)
#   Decrease number of Java threads
#   Decrease Java thread stack sizes (-Xss)
#   Set larger code cache with -XX:ReservedCodeCacheSize=
#   JVM is running with Zero Based Compressed Oops mode in which the Java heap is
#     placed in the first 32GB address space. The Java Heap base address is the
#     maximum limit for the native heap growth. Please use -XX:HeapBaseMinAddress
#     to set the Java Heap base and to place the Java Heap above 32GB virtual address.
# This output file may be truncated or incomplete.
#
#  Out of Memory Error (os_windows.cpp:3769), pid=57764, tid=64240
#
# JRE version:  (17.0.6+1) (build )
# Java VM: OpenJDK 64-Bit Server VM (17.0.6+1-b653.34, mixed mode, sharing, tiered, compressed oops, compressed class ptrs, g1 gc, windows-amd64)
# No core dump will be written. Minidumps are not enabled by default on client versions of Windows
#

---------------  S U M M A R Y ------------

Command Line: -Dawt.toolkit=com.intellij.desktop.DesktopActionsToolkit -Djava.rmi.server.hostname=127.0.0.1 -Duser.timezone=UTC -Xmx8192m -Xms8192m --add-exports=java.desktop/sun.awt=ALL-UNNAMED --add-exports=java.desktop/java.awt.peer=ALL-UNNAMED --add-opens=java.desktop/java.awt=ALL-UNNAMED --add-opens=jdk.unsupported/sun.misc=ALL-UNNAMED --add-opens=java.base/java.nio=ALL-UNNAMED --add-opens=java.base/java.util=ALL-UNNAMED -Dfile.encoding=UTF-8 com.intellij.database.remote.RemoteJdbcServer com.mysql.cj.jdbc.Driver

Host: AMD Ryzen 7 5700U with Radeon Graphics         , 16 cores, 13G,  Windows 11 , 64 bit Build 22000 (10.0.22000.2538)
Time: Sat Oct  5 20:58:17 2024  Windows 11 , 64 bit Build 22000 (10.0.22000.2538) elapsed time: 0.026664 seconds (0d 0h 0m 0s)

---------------  T H R E A D  ---------------

Current thread (0x000002e3509848b0):  JavaThread "Unknown thread" [_thread_in_vm, id=64240, stack(0x000000f70fe00000,0x000000f70ff00000)]

Stack: [0x000000f70fe00000,0x000000f70ff00000]
Native frames: (J=compiled Java code, j=interpreted, Vv=VM code, C=native code)
V  [jvm.dll+0x683b4a]
V  [jvm.dll+0x842654]
V  [jvm.dll+0x843dfe]
V  [jvm.dll+0x844463]
V  [jvm.dll+0x249b75]
V  [jvm.dll+0x680a19]
V  [jvm.dll+0x674f0a]
V  [jvm.dll+0x309acb]
V  [jvm.dll+0x310f86]
V  [jvm.dll+0x360918]
V  [jvm.dll+0x360b1f]
V  [jvm.dll+0x2dfbf8]
V  [jvm.dll+0x2e0b64]
V  [jvm.dll+0x813f41]
V  [jvm.dll+0x36e6a1]
V  [jvm.dll+0x7f347c]
V  [jvm.dll+0x3f0e8f]
V  [jvm.dll+0x3f29d1]
C  [jli.dll+0x526b]
C  [ucrtbase.dll+0x26c0c]
C  [KERNEL32.DLL+0x153e0]
C  [ntdll.dll+0x485b]


---------------  P R O C E S S  ---------------

Threads class SMR info:
_java_thread_list=0x00007ffdb66ec058, length=0, elements={
}

Java Threads: ( => current thread )

Other Threads:
  0x000002e350a325b0 GCTaskThread "GC Thread#0" [stack: 0x000000f70ff00000,0x000000f710000000] [id=29940]
  0x000002e350a434f0 ConcurrentGCThread "G1 Main Marker" [stack: 0x000000f710000000,0x000000f710100000] [id=64684]
  0x000002e350a43f00 ConcurrentGCThread "G1 Conc#0" [stack: 0x000000f710100000,0x000000f710200000] [id=43024]

[error occurred during error reporting (printing all threads), id 0xc0000005, EXCEPTION_ACCESS_VIOLATION (0xc0000005) at pc=0x00007ffdb5ea0797]

VM state: not at safepoint (not fully initialized)

VM Mutex/Monitor currently owned by a thread:  ([mutex/lock_event])
[0x000002e35097fe80] Heap_lock - owner thread: 0x000002e3509848b0

Heap address: 0x0000000600000000, size: 8192 MB, Compressed Oops mode: Zero based, Oop shift amount: 3

CDS archive(s) mapped at: [0x0000000000000000-0x0000000000000000-0x0000000000000000), size 0, SharedBaseAddress: 0x0000000800000000, ArchiveRelocationMode: 0.
Narrow klass base: 0x0000000000000000, Narrow klass shift: 0, Narrow klass range: 0x0

GC Precious Log:
<Empty>

Heap:
 garbage-first heap   total 0K, used 0K [0x0000000600000000, 0x0000000800000000)
  region size 4096K, 0 young (0K), 0 survivors (0K)

[error occurred during error reporting (printing heap information), id 0xc0000005, EXCEPTION_ACCESS_VIOLATION (0xc0000005) at pc=0x00007ffdb628d939]

GC Heap History (0 events):
No events

Dll operation events (1 events):
Event: 0.009 Loaded shared library D:\chenlin\Documents\IntelliJ IDEA 2022.3.3\jbr\bin\java.dll

Deoptimization events (0 events):
No events

Classes unloaded (0 events):
No events

Classes redefined (0 events):
No events

Internal exceptions (0 events):
No events

VM Operations (0 events):
No events

Events (0 events):
No events


Dynamic libraries:
0x00007ff7de6e0000 - 0x00007ff7de6ea000 	D:\chenlin\Documents\IntelliJ IDEA 2022.3.3\jbr\bin\java.exe
0x00007ffe38ca0000 - 0x00007ffe38ea9000 	C:\Windows\SYSTEM32\ntdll.dll
0x00007ffe38310000 - 0x00007ffe383cd000 	C:\Windows\System32\KERNEL32.DLL
0x00007ffe36430000 - 0x00007ffe367b4000 	C:\Windows\System32\KERNELBASE.dll
0x00007ffe36160000 - 0x00007ffe36271000 	C:\Windows\System32\ucrtbase.dll
0x00007ffe31db0000 - 0x00007ffe31dc7000 	D:\chenlin\Documents\IntelliJ IDEA 2022.3.3\jbr\bin\jli.dll
0x00007ffe27900000 - 0x00007ffe2791b000 	D:\chenlin\Documents\IntelliJ IDEA 2022.3.3\jbr\bin\VCRUNTIME140.dll
0x00007ffe383d0000 - 0x00007ffe3857d000 	C:\Windows\System32\USER32.dll
0x00007ffe36130000 - 0x00007ffe36156000 	C:\Windows\System32\win32u.dll
0x00007ffe36af0000 - 0x00007ffe36b1a000 	C:\Windows\System32\GDI32.dll
0x00007ffe367c0000 - 0x00007ffe368de000 	C:\Windows\System32\gdi32full.dll
0x00007ffe36a50000 - 0x00007ffe36aed000 	C:\Windows\System32\msvcp_win.dll
0x00007ffe1ba00000 - 0x00007ffe1bca5000 	C:\Windows\WinSxS\amd64_microsoft.windows.common-controls_6595b64144ccf1df_6.0.22000.120_none_9d947278b86cc467\COMCTL32.dll
0x00007ffe38a30000 - 0x00007ffe38ad3000 	C:\Windows\System32\msvcrt.dll
0x00007ffe379b0000 - 0x00007ffe379e1000 	C:\Windows\System32\IMM32.DLL
0x00007ffe27dc0000 - 0x00007ffe27dcc000 	D:\chenlin\Documents\IntelliJ IDEA 2022.3.3\jbr\bin\vcruntime140_1.dll
0x00007ffe197a0000 - 0x00007ffe1982d000 	D:\chenlin\Documents\IntelliJ IDEA 2022.3.3\jbr\bin\msvcp140.dll
0x00007ffdb5bb0000 - 0x00007ffdb681d000 	D:\chenlin\Documents\IntelliJ IDEA 2022.3.3\jbr\bin\server\jvm.dll
0x00007ffe38900000 - 0x00007ffe389ae000 	C:\Windows\System32\ADVAPI32.dll
0x00007ffe38710000 - 0x00007ffe387ae000 	C:\Windows\System32\sechost.dll
0x00007ffe385e0000 - 0x00007ffe38701000 	C:\Windows\System32\RPCRT4.dll
0x00007ffe2e0f0000 - 0x00007ffe2e0fa000 	C:\Windows\SYSTEM32\VERSION.dll
0x00007ffe33bb0000 - 0x00007ffe33be3000 	C:\Windows\SYSTEM32\WINMM.dll
0x00007ffe32700000 - 0x00007ffe32709000 	C:\Windows\SYSTEM32\WSOCK32.dll
0x00007ffe37940000 - 0x00007ffe379af000 	C:\Windows\System32\WS2_32.dll
0x00007ffe35170000 - 0x00007ffe35188000 	C:\Windows\SYSTEM32\kernel.appcore.dll
0x00007ffe32710000 - 0x00007ffe3271a000 	D:\chenlin\Documents\IntelliJ IDEA 2022.3.3\jbr\bin\jimage.dll
0x00007ffe33920000 - 0x00007ffe33b41000 	C:\Windows\SYSTEM32\DBGHELP.DLL
0x00007ffe33b50000 - 0x00007ffe33b81000 	C:\Windows\SYSTEM32\dbgcore.DLL
0x00007ffe363b0000 - 0x00007ffe3642f000 	C:\Windows\System32\bcryptPrimitives.dll
0x00007ffe28430000 - 0x00007ffe28455000 	D:\chenlin\Documents\IntelliJ IDEA 2022.3.3\jbr\bin\java.dll

dbghelp: loaded successfully - version: 4.0.5 - missing functions: none
symbol engine: initialized successfully - sym options: 0x614 - pdb path: .;D:\chenlin\Documents\IntelliJ IDEA 2022.3.3\jbr\bin;C:\Windows\SYSTEM32;C:\Windows\WinSxS\amd64_microsoft.windows.common-controls_6595b64144ccf1df_6.0.22000.120_none_9d947278b86cc467;D:\chenlin\Documents\IntelliJ IDEA 2022.3.3\jbr\bin\server

VM Arguments:
jvm_args: -Dawt.toolkit=com.intellij.desktop.DesktopActionsToolkit -Djava.rmi.server.hostname=127.0.0.1 -Duser.timezone=UTC -Xmx8192m -Xms8192m --add-exports=java.desktop/sun.awt=ALL-UNNAMED --add-exports=java.desktop/java.awt.peer=ALL-UNNAMED --add-opens=java.desktop/java.awt=ALL-UNNAMED --add-opens=jdk.unsupported/sun.misc=ALL-UNNAMED --add-opens=java.base/java.nio=ALL-UNNAMED --add-opens=java.base/java.util=ALL-UNNAMED -Dfile.encoding=UTF-8 
java_command: com.intellij.database.remote.RemoteJdbcServer com.mysql.cj.jdbc.Driver
java_class_path (initial): D:\chenlin\Documents\IntelliJ IDEA 2022.3.3\lib\util_rt.jar;D:\chenlin\Documents\IntelliJ IDEA 2022.3.3\lib\3rd-party-rt.jar;D:\chenlin\Documents\IntelliJ IDEA 2022.3.3\lib\groovy.jar;D:\chenlin\Documents\IntelliJ IDEA 2022.3.3\plugins\DatabaseTools\lib\jdbc-console.jar;D:\chenlin\Documents\IntelliJ IDEA 2022.3.3\plugins\grid-core-impl\lib\jdbc-console-types.jar;C:\Users\chenlin\AppData\Roaming\JetBrains\IntelliJIdea2022.3\jdbc-drivers\MySQL ConnectorJ\8.2.0\com\mysql\mysql-connector-j\8.2.0\mysql-connector-j-8.2.0.jar;C:\Users\chenlin\AppData\Roaming\JetBrains\IntelliJIdea2022.3\jdbc-drivers\MySQL ConnectorJ\8.2.0\com\google\protobuf\protobuf-java\3.21.9\protobuf-java-3.21.9.jar
Launcher Type: SUN_STANDARD

[Global flags]
     intx CICompilerCount                          = 12                                        {product} {ergonomic}
     uint ConcGCThreads                            = 3                                         {product} {ergonomic}
     uint G1ConcRefinementThreads                  = 13                                        {product} {ergonomic}
   size_t G1HeapRegionSize                         = 4194304                                   {product} {ergonomic}
    uintx GCDrainStackTargetSize                   = 64                                        {product} {ergonomic}
   size_t InitialHeapSize                          = 8589934592                                {product} {command line}
   size_t MarkStackSize                            = 4194304                                   {product} {ergonomic}
   size_t MaxHeapSize                              = 8589934592                                {product} {command line}
   size_t MinHeapDeltaBytes                        = 4194304                                   {product} {ergonomic}
   size_t MinHeapSize                              = 8589934592                                {product} {command line}
    uintx NonNMethodCodeHeapSize                   = 7602480                                {pd product} {ergonomic}
    uintx NonProfiledCodeHeapSize                  = 122027880                              {pd product} {ergonomic}
    uintx ProfiledCodeHeapSize                     = 122027880                              {pd product} {ergonomic}
    uintx ReservedCodeCacheSize                    = 251658240                              {pd product} {ergonomic}
     bool SegmentedCodeCache                       = true                                      {product} {ergonomic}
   size_t SoftMaxHeapSize                          = 8589934592                             {manageable} {ergonomic}
     bool UseCompressedClassPointers               = true                           {product lp64_product} {ergonomic}
     bool UseCompressedOops                        = true                           {product lp64_product} {ergonomic}
     bool UseG1GC                                  = true                                      {product} {ergonomic}
     bool UseLargePagesIndividualAllocation        = false                                  {pd product} {ergonomic}

Logging:
Log output configuration:
 #0: stdout all=warning uptime,level,tags
 #1: stderr all=off uptime,level,tags

Environment Variables:
JAVA_HOME=D:\Intellij IDEA 2022\jdk-18.0.2.1_doc-all
CLASSPATH=.;D:\Intellij IDEA 2022\jdk-18.0.2.1_doc-all\lib\dt.jar;D:\Intellij IDEA 2022\jdk-18.0.2.1_doc-all\lib\tools.jar
PATH=C:\Program Files (x86)\Common Files\Oracle\Java\java8path;C:\Program Files (x86)\Common Files\Oracle\Java\javapath;C:\Program Files (x86)\Common Files\Oracle\Java\java8path_target_168354921\npm;D:\Node.js\;C:\Windows\system32;D:\chenlin\MySQL\mysql-9.0.1-winx64\bin;D:\Intellij IDEA 2022\jdk-18.0.2.1_doc-all\bin;D:\chenlin\apache-maven-3.9.9-bin\apache-maven-3.9.9\bin;C:\Users\chenlin\AppData\Local\Programs\Python\Python311\Scripts\;C:\Users\chenlin\AppData\Local\Programs\Python\Python311\;C:\Users\chenlin\AppData\Local\Microsoft\WindowsApps;;C:\Program Files\JetBrains\PyCharm 2023.2.1\bin;;C:\Program Files\Azure Data Studio\bin;C:\Users\chenlin\Documents\Microsoft VS Code\bin;D:\chenlin\Documents\Python\PyCharm Community Edition 2023.3.5\bin;;C:\Users\chenlin\AppData\Roaming\npm
USERNAME=chenlin
OS=Windows_NT
PROCESSOR_IDENTIFIER=AMD64 Family 23 Model 104 Stepping 1, AuthenticAMD
TMP=C:\Users\chenlin\AppData\Local\Temp
TEMP=C:\Users\chenlin\AppData\Local\Temp



---------------  S Y S T E M  ---------------

OS:
 Windows 11 , 64 bit Build 22000 (10.0.22000.2538)
OS uptime: 5 days 5:16 hours
Hyper-V role detected

CPU: total 16 (initial active 16) (16 cores per cpu, 2 threads per core) family 23 model 104 stepping 1 microcode 0x0, cx8, cmov, fxsr, ht, mmx, 3dnowpref, sse, sse2, sse3, ssse3, sse4a, sse4.1, sse4.2, popcnt, lzcnt, tsc, tscinvbit, avx, avx2, aes, clmul, bmi1, bmi2, adx, sha, fma, vzeroupper, clflush, clflushopt, hv

Memory: 4k page, system-wide physical 14197M (2932M free)
TotalPageFile size 39786M (AvailPageFile size 57M)
current process WorkingSet (physical memory assigned to process): 11M, peak: 11M
current process commit charge ("private bytes"): 8407M, peak: 8535M

vm_info: OpenJDK 64-Bit Server VM (17.0.6+1-b653.34) for windows-amd64 JRE (17.0.6+1-b653.34), built on 2023-02-24 by "builduser" with MS VC++ 16.10 / 16.11 (VS2019)

END.
